<?xml version="1.0" encoding="UTF-8"?>
<coverage generated="1788508550672" clover="3.2.0">
  <project timestamp="1788508550672" name="All files">
    <metrics statements="117" coveredstatements="75" conditionals="80" coveredconditionals="28" methods="44" coveredmethods="27" elements="241" coveredelements="130" complexity="0" loc="117" ncloc="117" packages="6" files="12" classes="12"/>
    <package name="src">
      <metrics statements="18" coveredstatements="13" conditionals="4" coveredconditionals="0" methods="9" coveredmethods="6"/>
      <file name="App.jsx" path="C:\Users\NallamekalaHarshanvi\Documents\my-book-app\src\App.jsx">
        <metrics statements="18" coveredstatements="13" conditionals="4" coveredconditionals="0" methods="9" coveredmethods="6"/>
        <line num="13" count="29" type="stmt"/>
        <line num="38" count="29" type="stmt"/>
        <line num="39" count="31" type="stmt"/>
        <line num="40" count="29" type="stmt"/>
        <line num="41" count="29" type="stmt"/>
        <line num="42" count="29" type="stmt"/>
        <line num="43" count="29" type="stmt"/>
        <line num="45" count="29" type="stmt"/>
        <line num="46" count="2" type="stmt"/>
        <line num="49" count="29" type="stmt"/>
        <line num="50" count="0" type="stmt"/>
        <line num="51" count="0" type="cond" truecount="0" falsecount="2"/>
        <line num="52" count="0" type="stmt"/>
        <line num="56" count="29" type="stmt"/>
        <line num="57" count="0" type="stmt"/>
        <line num="59" count="0" type="cond" truecount="0" falsecount="2"/>
        <line num="62" count="29" type="stmt"/>
        <line num="84" count="2" type="stmt"/>
      </file>
    </package>
    <package name="src.components">
      <metrics statements="10" coveredstatements="10" conditionals="10" coveredconditionals="4" methods="8" coveredmethods="6"/>
      <file name="BookCard.jsx" path="C:\Users\NallamekalaHarshanvi\Documents\my-book-app\src\components\BookCard.jsx">
        <metrics statements="4" coveredstatements="4" conditionals="5" coveredconditionals="3" methods="2" coveredmethods="2"/>
        <line num="5" count="2" type="cond" truecount="1" falsecount="0"/>
        <line num="6" count="15" type="stmt"/>
        <line num="7" count="1" type="stmt"/>
        <line num="10" count="15" type="stmt"/>
      </file>
      <file name="BookList.jsx" path="C:\Users\NallamekalaHarshanvi\Documents\my-book-app\src\components\BookList.jsx">
        <metrics statements="4" coveredstatements="4" conditionals="3" coveredconditionals="0" methods="4" coveredmethods="2"/>
        <line num="4" count="1" type="cond" truecount="0" falsecount="3"/>
        <line num="5" count="28" type="stmt"/>
        <line num="8" count="163" type="stmt"/>
        <line num="10" count="163" type="stmt"/>
      </file>
      <file name="SearchBar.jsx" path="C:\Users\NallamekalaHarshanvi\Documents\my-book-app\src\components\SearchBar.jsx">
        <metrics statements="2" coveredstatements="2" conditionals="2" coveredconditionals="1" methods="2" coveredmethods="2"/>
        <line num="2" count="44" type="stmt"/>
        <line num="9" count="38" type="stmt"/>
      </file>
    </package>
    <package name="src.hooks">
      <metrics statements="38" coveredstatements="35" conditionals="28" coveredconditionals="14" methods="8" coveredmethods="8"/>
      <file name="useBookSearch.js" path="C:\Users\NallamekalaHarshanvi\Documents\my-book-app\src\hooks\useBookSearch.js">
        <metrics statements="38" coveredstatements="35" conditionals="28" coveredconditionals="14" methods="8" coveredmethods="8"/>
        <line num="3" count="2" type="stmt"/>
        <line num="43" count="35" type="stmt"/>
        <line num="44" count="35" type="stmt"/>
        <line num="45" count="35" type="stmt"/>
        <line num="47" count="35" type="stmt"/>
        <line num="48" count="29" type="stmt"/>
        <line num="50" count="29" type="stmt"/>
        <line num="51" count="4" type="stmt"/>
        <line num="52" count="4" type="stmt"/>
        <line num="53" count="4" type="stmt"/>
        <line num="55" count="4" type="stmt"/>
        <line num="59" count="2" type="cond" truecount="1" falsecount="1"/>
        <line num="60" count="0" type="stmt"/>
        <line num="63" count="2" type="stmt"/>
        <line num="64" count="2" type="stmt"/>
        <line num="66" count="2" type="stmt"/>
        <line num="73" count="2" type="stmt"/>
        <line num="74" count="2" type="stmt"/>
        <line num="75" count="14" type="stmt"/>
        <line num="78" count="2" type="cond" truecount="1" falsecount="1"/>
        <line num="80" count="14" type="stmt"/>
        <line num="87" count="2" type="cond" truecount="1" falsecount="1"/>
        <line num="88" count="2" type="stmt"/>
        <line num="91" count="2" type="cond" truecount="3" falsecount="1"/>
        <line num="92" count="2" type="stmt"/>
        <line num="93" count="2" type="stmt"/>
        <line num="94" count="2" type="stmt"/>
        <line num="97" count="4" type="cond" truecount="1" falsecount="1"/>
        <line num="98" count="4" type="stmt"/>
        <line num="103" count="29" type="stmt"/>
        <line num="104" count="4" type="cond" truecount="1" falsecount="1"/>
        <line num="105" count="4" type="stmt"/>
        <line num="106" count="0" type="cond" truecount="0" falsecount="2"/>
        <line num="107" count="0" type="stmt"/>
        <line num="111" count="29" type="stmt"/>
        <line num="112" count="29" type="stmt"/>
        <line num="113" count="29" type="stmt"/>
        <line num="117" count="35" type="stmt"/>
      </file>
    </package>
    <package name="src.pages">
      <metrics statements="17" coveredstatements="1" conditionals="24" coveredconditionals="8" methods="9" coveredmethods="1"/>
      <file name="BookDetail.jsx" path="C:\Users\NallamekalaHarshanvi\Documents\my-book-app\src\pages\BookDetail.jsx">
        <metrics statements="15" coveredstatements="0" conditionals="12" coveredconditionals="0" methods="7" coveredmethods="0"/>
        <line num="8" count="0" type="stmt"/>
        <line num="9" count="0" type="stmt"/>
        <line num="10" count="0" type="stmt"/>
        <line num="11" count="0" type="stmt"/>
        <line num="13" count="0" type="stmt"/>
        <line num="14" count="0" type="stmt"/>
        <line num="17" count="0" type="stmt"/>
        <line num="18" count="0" type="cond" truecount="0" falsecount="2"/>
        <line num="20" count="0" type="stmt"/>
        <line num="21" count="0" type="cond" truecount="0" falsecount="2"/>
        <line num="24" count="0" type="cond" truecount="0" falsecount="2"/>
        <line num="25" count="0" type="cond" truecount="0" falsecount="2"/>
        <line num="26" count="0" type="cond" truecount="0" falsecount="2"/>
        <line num="28" count="0" type="stmt"/>
        <line num="30" count="0" type="stmt"/>
      </file>
      <file name="FavoritesPage.jsx" path="C:\Users\NallamekalaHarshanvi\Documents\my-book-app\src\pages\FavoritesPage.jsx">
        <metrics statements="1" coveredstatements="0" conditionals="2" coveredconditionals="0" methods="1" coveredmethods="0"/>
        <line num="4" count="0" type="stmt"/>
      </file>
      <file name="HomePage.jsx" path="C:\Users\NallamekalaHarshanvi\Documents\my-book-app\src\pages\HomePage.jsx">
        <metrics statements="1" coveredstatements="1" conditionals="10" coveredconditionals="8" methods="1" coveredmethods="1"/>
        <line num="4" count="29" type="stmt"/>
      </file>
    </package>
    <package name="src.store">
      <metrics statements="33" coveredstatements="15" conditionals="14" coveredconditionals="2" methods="10" coveredmethods="6"/>
      <file name="bookDetailsSlice.js" path="C:\Users\NallamekalaHarshanvi\Documents\my-book-app\src\store\bookDetailsSlice.js">
        <metrics statements="22" coveredstatements="4" conditionals="10" coveredconditionals="0" methods="5" coveredmethods="1"/>
        <line num="3" count="1" type="stmt"/>
        <line num="11" count="1" type="stmt"/>
        <line num="14" count="0" type="stmt"/>
        <line num="15" count="0" type="stmt"/>
        <line num="17" count="0" type="cond" truecount="0" falsecount="2"/>
        <line num="18" count="0" type="stmt"/>
        <line num="21" count="0" type="stmt"/>
        <line num="22" count="0" type="stmt"/>
        <line num="29" count="0" type="cond" truecount="0" falsecount="2"/>
        <line num="30" count="0" type="stmt"/>
        <line num="33" count="0" type="stmt"/>
        <line num="38" count="1" type="stmt"/>
        <line num="47" count="1" type="stmt"/>
        <line num="49" count="0" type="stmt"/>
        <line num="50" count="0" type="stmt"/>
        <line num="51" count="0" type="stmt"/>
        <line num="54" count="0" type="stmt"/>
        <line num="55" count="0" type="stmt"/>
        <line num="58" count="0" type="stmt"/>
        <line num="59" count="0" type="cond" truecount="0" falsecount="2"/>
        <line num="60" count="0" type="stmt"/>
        <line num="61" count="0" type="cond" truecount="0" falsecount="2"/>
      </file>
      <file name="favoritesSlice.js" path="C:\Users\NallamekalaHarshanvi\Documents\my-book-app\src\store\favoritesSlice.js">
        <metrics statements="10" coveredstatements="10" conditionals="4" coveredconditionals="2" methods="5" coveredmethods="5"/>
        <line num="3" count="2" type="stmt"/>
        <line num="5" count="2" type="stmt"/>
        <line num="10" count="1" type="stmt"/>
        <line num="11" count="1" type="cond" truecount="1" falsecount="1"/>
        <line num="12" count="1" type="stmt"/>
        <line num="16" count="1" type="stmt"/>
        <line num="17" count="1" type="cond" truecount="1" falsecount="1"/>
        <line num="18" count="1" type="stmt"/>
        <line num="22" count="1" type="stmt"/>
        <line num="27" count="2" type="stmt"/>
      </file>
      <file name="store.js" path="C:\Users\NallamekalaHarshanvi\Documents\my-book-app\src\store\store.js">
        <metrics statements="1" coveredstatements="1" conditionals="0" coveredconditionals="0" methods="0" coveredmethods="0"/>
        <line num="5" count="1" type="stmt"/>
      </file>
    </package>
    <package name="src.test">
      <metrics statements="1" coveredstatements="1" conditionals="0" coveredconditionals="0" methods="0" coveredmethods="0"/>
      <file name="styleMock.cjs" path="C:\Users\NallamekalaHarshanvi\Documents\my-book-app\src\test\styleMock.cjs">
        <metrics statements="1" coveredstatements="1" conditionals="0" coveredconditionals="0" methods="0" coveredmethods="0"/>
        <line num="1" count="2" type="stmt"/>
      </file>
    </package>
  </project>
</coverage>
