{"C:\\Users\\NallamekalaHarshanvi\\Documents\\my-book-app\\src\\App.jsx": {"path":"C:\\Users\\NallamekalaHarshanvi\\Documents\\my-book-app\\src\\App.jsx","statementMap":{"0":{"start":{"line":13,"column":2},"end":{"line":34,"column":3}},"1":{"start":{"line":38,"column":28},"end":{"line":38,"column":40}},"2":{"start":{"line":39,"column":20},"end":{"line":39,"column":59}},"3":{"start":{"line":39,"column":43},"end":{"line":39,"column":58}},"4":{"start":{"line":40,"column":25},"end":{"line":40,"column":69}},"5":{"start":{"line":40,"column":39},"end":{"line":40,"column":55}},"6":{"start":{"line":41,"column":19},"end":{"line":41,"column":32}},"7":{"start":{"line":42,"column":38},"end":{"line":42,"column":58}},"8":{"start":{"line":43,"column":25},"end":{"line":43,"column":37}},"9":{"start":{"line":45,"column":2},"end":{"line":47,"column":8}},"10":{"start":{"line":46,"column":4},"end":{"line":46,"column":35}},"11":{"start":{"line":49,"column":23},"end":{"line":54,"column":3}},"12":{"start":{"line":50,"column":4},"end":{"line":50,"column":26}},"13":{"start":{"line":51,"column":4},"end":{"line":53,"column":5}},"14":{"start":{"line":52,"column":6},"end":{"line":52,"column":21}},"15":{"start":{"line":56,"column":31},"end":{"line":60,"column":27}},"16":{"start":{"line":57,"column":23},"end":{"line":57,"column":76}},"17":{"start":{"line":57,"column":52},"end":{"line":57,"column":75}},"18":{"start":{"line":59,"column":4},"end":{"line":59,"column":67}},"19":{"start":{"line":62,"column":2},"end":{"line":80,"column":3}},"20":{"start":{"line":84,"column":2},"end":{"line":88,"column":3}}},"fnMap":{"0":{"name":"Header","decl":{"start":{"line":12,"column":9},"end":{"line":12,"column":15}},"loc":{"start":{"line":12,"column":96},"end":{"line":35,"column":1}},"line":12},"1":{"name":"AppContent","decl":{"start":{"line":37,"column":9},"end":{"line":37,"column":19}},"loc":{"start":{"line":37,"column":23},"end":{"line":81,"column":1}},"line":37},"2":{"name":"(anonymous_2)","decl":{"start":{"line":39,"column":32},"end":{"line":39,"column":33}},"loc":{"start":{"line":39,"column":43},"end":{"line":39,"column":58}},"line":39},"3":{"name":"(anonymous_3)","decl":{"start":{"line":40,"column":33},"end":{"line":40,"column":34}},"loc":{"start":{"line":40,"column":39},"end":{"line":40,"column":55}},"line":40},"4":{"name":"(anonymous_4)","decl":{"start":{"line":45,"column":12},"end":{"line":45,"column":13}},"loc":{"start":{"line":45,"column":18},"end":{"line":47,"column":3}},"line":45},"5":{"name":"(anonymous_5)","decl":{"start":{"line":49,"column":23},"end":{"line":49,"column":24}},"loc":{"start":{"line":49,"column":34},"end":{"line":54,"column":3}},"line":49},"6":{"name":"(anonymous_6)","decl":{"start":{"line":56,"column":43},"end":{"line":56,"column":44}},"loc":{"start":{"line":56,"column":53},"end":{"line":60,"column":3}},"line":56},"7":{"name":"(anonymous_7)","decl":{"start":{"line":57,"column":38},"end":{"line":57,"column":39}},"loc":{"start":{"line":57,"column":52},"end":{"line":57,"column":75}},"line":57},"8":{"name":"App","decl":{"start":{"line":83,"column":9},"end":{"line":83,"column":12}},"loc":{"start":{"line":83,"column":16},"end":{"line":89,"column":1}},"line":83}},"branchMap":{"0":{"loc":{"start":{"line":51,"column":4},"end":{"line":53,"column":5}},"type":"if","locations":[{"start":{"line":51,"column":4},"end":{"line":53,"column":5}},{"start":{},"end":{}}],"line":51},"1":{"loc":{"start":{"line":59,"column":13},"end":{"line":59,"column":66}},"type":"cond-expr","locations":[{"start":{"line":59,"column":26},"end":{"line":59,"column":46}},{"start":{"line":59,"column":49},"end":{"line":59,"column":66}}],"line":59}},"s":{"0":29,"1":29,"2":29,"3":31,"4":29,"5":2,"6":29,"7":29,"8":29,"9":29,"10":2,"11":29,"12":0,"13":0,"14":0,"15":29,"16":0,"17":0,"18":0,"19":29,"20":2},"f":{"0":29,"1":29,"2":31,"3":2,"4":2,"5":0,"6":0,"7":0,"8":2},"b":{"0":[0,0],"1":[0,0]},"_coverageSchema":"1a1c01bbd47fc00a2c39e90264f33305004495a9","hash":"fb3cf8427263e55473a339533df96d34c91754d6"}
,"C:\\Users\\NallamekalaHarshanvi\\Documents\\my-book-app\\src\\components\\BookCard.jsx": {"path":"C:\\Users\\NallamekalaHarshanvi\\Documents\\my-book-app\\src\\components\\BookCard.jsx","statementMap":{"0":{"start":{"line":5,"column":17},"end":{"line":29,"column":2}},"1":{"start":{"line":6,"column":30},"end":{"line":8,"column":3}},"2":{"start":{"line":7,"column":4},"end":{"line":7,"column":57}},"3":{"start":{"line":10,"column":2},"end":{"line":28,"column":3}}},"fnMap":{"0":{"name":"BookCard","decl":{"start":{"line":5,"column":31},"end":{"line":5,"column":39}},"loc":{"start":{"line":5,"column":114},"end":{"line":29,"column":1}},"line":5},"1":{"name":"(anonymous_1)","decl":{"start":{"line":6,"column":30},"end":{"line":6,"column":31}},"loc":{"start":{"line":6,"column":36},"end":{"line":8,"column":3}},"line":6}},"branchMap":{"0":{"loc":{"start":{"line":5,"column":74},"end":{"line":5,"column":92}},"type":"default-arg","locations":[{"start":{"line":5,"column":87},"end":{"line":5,"column":92}}],"line":5},"1":{"loc":{"start":{"line":21,"column":38},"end":{"line":21,"column":80}},"type":"cond-expr","locations":[{"start":{"line":21,"column":51},"end":{"line":21,"column":75}},{"start":{"line":21,"column":78},"end":{"line":21,"column":80}}],"line":21},"2":{"loc":{"start":{"line":25,"column":9},"end":{"line":25,"column":46}},"type":"cond-expr","locations":[{"start":{"line":25,"column":22},"end":{"line":25,"column":33}},{"start":{"line":25,"column":36},"end":{"line":25,"column":46}}],"line":25}},"s":{"0":2,"1":15,"2":1,"3":15},"f":{"0":15,"1":1},"b":{"0":[2],"1":[0,15],"2":[0,15]},"_coverageSchema":"1a1c01bbd47fc00a2c39e90264f33305004495a9","hash":"8991f988572914e03c203095c01cd9732612b0ea"}
,"C:\\Users\\NallamekalaHarshanvi\\Documents\\my-book-app\\src\\components\\BookList.jsx": {"path":"C:\\Users\\NallamekalaHarshanvi\\Documents\\my-book-app\\src\\components\\BookList.jsx","statementMap":{"0":{"start":{"line":4,"column":17},"end":{"line":24,"column":1}},"1":{"start":{"line":5,"column":2},"end":{"line":23,"column":3}},"2":{"start":{"line":8,"column":27},"end":{"line":8,"column":80}},"3":{"start":{"line":8,"column":56},"end":{"line":8,"column":79}},"4":{"start":{"line":10,"column":8},"end":{"line":20,"column":9}}},"fnMap":{"0":{"name":"(anonymous_0)","decl":{"start":{"line":4,"column":17},"end":{"line":4,"column":18}},"loc":{"start":{"line":4,"column":82},"end":{"line":24,"column":1}},"line":4},"1":{"name":"(anonymous_1)","decl":{"start":{"line":4,"column":67},"end":{"line":4,"column":68}},"loc":{"start":{"line":4,"column":73},"end":{"line":4,"column":75}},"line":4},"2":{"name":"(anonymous_2)","decl":{"start":{"line":7,"column":17},"end":{"line":7,"column":18}},"loc":{"start":{"line":7,"column":27},"end":{"line":21,"column":7}},"line":7},"3":{"name":"(anonymous_3)","decl":{"start":{"line":8,"column":42},"end":{"line":8,"column":43}},"loc":{"start":{"line":8,"column":56},"end":{"line":8,"column":79}},"line":8}},"branchMap":{"0":{"loc":{"start":{"line":4,"column":20},"end":{"line":4,"column":30}},"type":"default-arg","locations":[{"start":{"line":4,"column":28},"end":{"line":4,"column":30}}],"line":4},"1":{"loc":{"start":{"line":4,"column":32},"end":{"line":4,"column":46}},"type":"default-arg","locations":[{"start":{"line":4,"column":44},"end":{"line":4,"column":46}}],"line":4},"2":{"loc":{"start":{"line":4,"column":48},"end":{"line":4,"column":75}},"type":"default-arg","locations":[{"start":{"line":4,"column":67},"end":{"line":4,"column":75}}],"line":4}},"s":{"0":1,"1":28,"2":163,"3":0,"4":163},"f":{"0":28,"1":0,"2":163,"3":0},"b":{"0":[0],"1":[0],"2":[0]},"_coverageSchema":"1a1c01bbd47fc00a2c39e90264f33305004495a9","hash":"72c9ded5d5f851f3351a44ae994982dc0859ae98"}
,"C:\\Users\\NallamekalaHarshanvi\\Documents\\my-book-app\\src\\components\\SearchBar.jsx": {"path":"C:\\Users\\NallamekalaHarshanvi\\Documents\\my-book-app\\src\\components\\SearchBar.jsx","statementMap":{"0":{"start":{"line":2,"column":2},"end":{"line":17,"column":3}},"1":{"start":{"line":9,"column":29},"end":{"line":9,"column":62}}},"fnMap":{"0":{"name":"SearchBar","decl":{"start":{"line":1,"column":9},"end":{"line":1,"column":18}},"loc":{"start":{"line":1,"column":83},"end":{"line":18,"column":1}},"line":1},"1":{"name":"(anonymous_1)","decl":{"start":{"line":9,"column":18},"end":{"line":9,"column":19}},"loc":{"start":{"line":9,"column":29},"end":{"line":9,"column":62}},"line":9}},"branchMap":{"0":{"loc":{"start":{"line":14,"column":9},"end":{"line":14,"column":44}},"type":"cond-expr","locations":[{"start":{"line":14,"column":21},"end":{"line":14,"column":33}},{"start":{"line":14,"column":36},"end":{"line":14,"column":44}}],"line":14}},"s":{"0":44,"1":38},"f":{"0":44,"1":38},"b":{"0":[0,44]},"_coverageSchema":"1a1c01bbd47fc00a2c39e90264f33305004495a9","hash":"7da2ddd92b1b15bad67fcd5073cc9f58dbae5a0a"}
,"C:\\Users\\NallamekalaHarshanvi\\Documents\\my-book-app\\src\\hooks\\useBookSearch.js": {"path":"C:\\Users\\NallamekalaHarshanvi\\Documents\\my-book-app\\src\\hooks\\useBookSearch.js","statementMap":{"0":{"start":{"line":3,"column":21},"end":{"line":40,"column":1}},"1":{"start":{"line":43,"column":28},"end":{"line":43,"column":50}},"2":{"start":{"line":44,"column":36},"end":{"line":44,"column":51}},"3":{"start":{"line":45,"column":28},"end":{"line":45,"column":40}},"4":{"start":{"line":47,"column":2},"end":{"line":115,"column":13}},"5":{"start":{"line":48,"column":23},"end":{"line":48,"column":44}},"6":{"start":{"line":50,"column":23},"end":{"line":101,"column":5}},"7":{"start":{"line":51,"column":6},"end":{"line":100,"column":7}},"8":{"start":{"line":52,"column":8},"end":{"line":52,"column":26}},"9":{"start":{"line":53,"column":8},"end":{"line":53,"column":20}},"10":{"start":{"line":55,"column":25},"end":{"line":57,"column":10}},"11":{"start":{"line":59,"column":8},"end":{"line":61,"column":9}},"12":{"start":{"line":60,"column":10},"end":{"line":60,"column":50}},"13":{"start":{"line":63,"column":21},"end":{"line":63,"column":42}},"14":{"start":{"line":64,"column":32},"end":{"line":64,"column":64}},"15":{"start":{"line":66,"column":29},"end":{"line":71,"column":11}},"16":{"start":{"line":66,"column":68},"end":{"line":71,"column":9}},"17":{"start":{"line":73,"column":30},"end":{"line":73,"column":64}},"18":{"start":{"line":74,"column":28},"end":{"line":76,"column":9}},"19":{"start":{"line":75,"column":46},"end":{"line":75,"column":61}},"20":{"start":{"line":78,"column":29},"end":{"line":85,"column":23}},"21":{"start":{"line":80,"column":14},"end":{"line":83,"column":15}},"22":{"start":{"line":87,"column":8},"end":{"line":89,"column":9}},"23":{"start":{"line":88,"column":10},"end":{"line":88,"column":32}},"24":{"start":{"line":91,"column":8},"end":{"line":95,"column":9}},"25":{"start":{"line":92,"column":10},"end":{"line":92,"column":65}},"26":{"start":{"line":93,"column":10},"end":{"line":93,"column":28}},"27":{"start":{"line":94,"column":10},"end":{"line":94,"column":32}},"28":{"start":{"line":97,"column":8},"end":{"line":99,"column":9}},"29":{"start":{"line":98,"column":10},"end":{"line":98,"column":29}},"30":{"start":{"line":103,"column":18},"end":{"line":109,"column":11}},"31":{"start":{"line":104,"column":6},"end":{"line":108,"column":7}},"32":{"start":{"line":105,"column":8},"end":{"line":105,"column":25}},"33":{"start":{"line":106,"column":13},"end":{"line":108,"column":7}},"34":{"start":{"line":107,"column":8},"end":{"line":107,"column":30}},"35":{"start":{"line":111,"column":4},"end":{"line":114,"column":5}},"36":{"start":{"line":112,"column":6},"end":{"line":112,"column":25}},"37":{"start":{"line":113,"column":6},"end":{"line":113,"column":24}},"38":{"start":{"line":117,"column":2},"end":{"line":117,"column":36}}},"fnMap":{"0":{"name":"useBookSearch","decl":{"start":{"line":42,"column":16},"end":{"line":42,"column":29}},"loc":{"start":{"line":42,"column":38},"end":{"line":118,"column":1}},"line":42},"1":{"name":"(anonymous_1)","decl":{"start":{"line":47,"column":12},"end":{"line":47,"column":13}},"loc":{"start":{"line":47,"column":18},"end":{"line":115,"column":3}},"line":47},"2":{"name":"(anonymous_2)","decl":{"start":{"line":50,"column":23},"end":{"line":50,"column":24}},"loc":{"start":{"line":50,"column":46},"end":{"line":101,"column":5}},"line":50},"3":{"name":"(anonymous_3)","decl":{"start":{"line":66,"column":50},"end":{"line":66,"column":51}},"loc":{"start":{"line":66,"column":68},"end":{"line":71,"column":9}},"line":66},"4":{"name":"(anonymous_4)","decl":{"start":{"line":75,"column":36},"end":{"line":75,"column":37}},"loc":{"start":{"line":75,"column":46},"end":{"line":75,"column":61}},"line":75},"5":{"name":"(anonymous_5)","decl":{"start":{"line":79,"column":31},"end":{"line":79,"column":32}},"loc":{"start":{"line":79,"column":41},"end":{"line":84,"column":13}},"line":79},"6":{"name":"(anonymous_6)","decl":{"start":{"line":103,"column":29},"end":{"line":103,"column":30}},"loc":{"start":{"line":103,"column":35},"end":{"line":109,"column":5}},"line":103},"7":{"name":"(anonymous_7)","decl":{"start":{"line":111,"column":11},"end":{"line":111,"column":12}},"loc":{"start":{"line":111,"column":17},"end":{"line":114,"column":5}},"line":111}},"branchMap":{"0":{"loc":{"start":{"line":59,"column":8},"end":{"line":61,"column":9}},"type":"if","locations":[{"start":{"line":59,"column":8},"end":{"line":61,"column":9}},{"start":{},"end":{}}],"line":59},"1":{"loc":{"start":{"line":67,"column":14},"end":{"line":67,"column":34}},"type":"binary-expr","locations":[{"start":{"line":67,"column":14},"end":{"line":67,"column":21}},{"start":{"line":67,"column":25},"end":{"line":67,"column":34}}],"line":67},"2":{"loc":{"start":{"line":68,"column":17},"end":{"line":68,"column":75}},"type":"binary-expr","locations":[{"start":{"line":68,"column":17},"end":{"line":68,"column":26}},{"start":{"line":68,"column":30},"end":{"line":68,"column":56}},{"start":{"line":68,"column":60},"end":{"line":68,"column":75}}],"line":68},"3":{"loc":{"start":{"line":69,"column":18},"end":{"line":69,"column":87}},"type":"binary-expr","locations":[{"start":{"line":69,"column":18},"end":{"line":69,"column":36}},{"start":{"line":69,"column":40},"end":{"line":69,"column":67}},{"start":{"line":69,"column":71},"end":{"line":69,"column":87}}],"line":69},"4":{"loc":{"start":{"line":70,"column":22},"end":{"line":70,"column":59}},"type":"binary-expr","locations":[{"start":{"line":70,"column":22},"end":{"line":70,"column":53}},{"start":{"line":70,"column":57},"end":{"line":70,"column":59}}],"line":70},"5":{"loc":{"start":{"line":78,"column":29},"end":{"line":85,"column":23}},"type":"cond-expr","locations":[{"start":{"line":79,"column":12},"end":{"line":84,"column":14}},{"start":{"line":85,"column":12},"end":{"line":85,"column":23}}],"line":78},"6":{"loc":{"start":{"line":81,"column":16},"end":{"line":82,"column":67}},"type":"binary-expr","locations":[{"start":{"line":81,"column":16},"end":{"line":81,"column":66}},{"start":{"line":82,"column":16},"end":{"line":82,"column":67}}],"line":81},"7":{"loc":{"start":{"line":87,"column":8},"end":{"line":89,"column":9}},"type":"if","locations":[{"start":{"line":87,"column":8},"end":{"line":89,"column":9}},{"start":{},"end":{}}],"line":87},"8":{"loc":{"start":{"line":91,"column":8},"end":{"line":95,"column":9}},"type":"if","locations":[{"start":{"line":91,"column":8},"end":{"line":95,"column":9}},{"start":{},"end":{}}],"line":91},"9":{"loc":{"start":{"line":91,"column":12},"end":{"line":91,"column":67}},"type":"binary-expr","locations":[{"start":{"line":91,"column":12},"end":{"line":91,"column":37}},{"start":{"line":91,"column":41},"end":{"line":91,"column":67}}],"line":91},"10":{"loc":{"start":{"line":97,"column":8},"end":{"line":99,"column":9}},"type":"if","locations":[{"start":{"line":97,"column":8},"end":{"line":99,"column":9}},{"start":{},"end":{}}],"line":97},"11":{"loc":{"start":{"line":104,"column":6},"end":{"line":108,"column":7}},"type":"if","locations":[{"start":{"line":104,"column":6},"end":{"line":108,"column":7}},{"start":{"line":106,"column":13},"end":{"line":108,"column":7}}],"line":104},"12":{"loc":{"start":{"line":106,"column":13},"end":{"line":108,"column":7}},"type":"if","locations":[{"start":{"line":106,"column":13},"end":{"line":108,"column":7}},{"start":{},"end":{}}],"line":106}},"s":{"0":2,"1":35,"2":35,"3":35,"4":35,"5":29,"6":29,"7":4,"8":4,"9":4,"10":4,"11":2,"12":0,"13":2,"14":2,"15":2,"16":2,"17":2,"18":2,"19":14,"20":2,"21":14,"22":2,"23":2,"24":2,"25":2,"26":2,"27":2,"28":4,"29":4,"30":29,"31":4,"32":4,"33":0,"34":0,"35":29,"36":29,"37":29,"38":35},"f":{"0":35,"1":29,"2":4,"3":2,"4":14,"5":14,"6":4,"7":29},"b":{"0":[0,2],"1":[2,0],"2":[2,0,0],"3":[2,0,0],"4":[2,0],"5":[2,0],"6":[14,12],"7":[2,0],"8":[2,0],"9":[2,2],"10":[4,0],"11":[4,0],"12":[0,0]},"_coverageSchema":"1a1c01bbd47fc00a2c39e90264f33305004495a9","hash":"dc42935f573c1db84ef35c10891a91ab0c77760c"}
,"C:\\Users\\NallamekalaHarshanvi\\Documents\\my-book-app\\src\\pages\\BookDetail.jsx": {"path":"C:\\Users\\NallamekalaHarshanvi\\Documents\\my-book-app\\src\\pages\\BookDetail.jsx","statementMap":{"0":{"start":{"line":8,"column":17},"end":{"line":8,"column":28}},"1":{"start":{"line":9,"column":20},"end":{"line":9,"column":59}},"2":{"start":{"line":9,"column":43},"end":{"line":9,"column":58}},"3":{"start":{"line":10,"column":37},"end":{"line":10,"column":78}},"4":{"start":{"line":10,"column":60},"end":{"line":10,"column":77}},"5":{"start":{"line":11,"column":19},"end":{"line":11,"column":32}},"6":{"start":{"line":13,"column":2},"end":{"line":15,"column":20}},"7":{"start":{"line":14,"column":4},"end":{"line":14,"column":34}},"8":{"start":{"line":17,"column":31},"end":{"line":22,"column":3}},"9":{"start":{"line":18,"column":4},"end":{"line":18,"column":21}},"10":{"start":{"line":18,"column":15},"end":{"line":18,"column":21}},"11":{"start":{"line":20,"column":23},"end":{"line":20,"column":76}},"12":{"start":{"line":20,"column":52},"end":{"line":20,"column":75}},"13":{"start":{"line":21,"column":4},"end":{"line":21,"column":67}},"14":{"start":{"line":24,"column":2},"end":{"line":24,"column":76}},"15":{"start":{"line":24,"column":17},"end":{"line":24,"column":76}},"16":{"start":{"line":25,"column":2},"end":{"line":25,"column":60}},"17":{"start":{"line":25,"column":13},"end":{"line":25,"column":60}},"18":{"start":{"line":26,"column":2},"end":{"line":26,"column":68}},"19":{"start":{"line":26,"column":13},"end":{"line":26,"column":68}},"20":{"start":{"line":28,"column":21},"end":{"line":28,"column":74}},"21":{"start":{"line":28,"column":50},"end":{"line":28,"column":73}},"22":{"start":{"line":30,"column":2},"end":{"line":42,"column":3}}},"fnMap":{"0":{"name":"BookDetail","decl":{"start":{"line":7,"column":9},"end":{"line":7,"column":19}},"loc":{"start":{"line":7,"column":23},"end":{"line":43,"column":1}},"line":7},"1":{"name":"(anonymous_1)","decl":{"start":{"line":9,"column":32},"end":{"line":9,"column":33}},"loc":{"start":{"line":9,"column":43},"end":{"line":9,"column":58}},"line":9},"2":{"name":"(anonymous_2)","decl":{"start":{"line":10,"column":49},"end":{"line":10,"column":50}},"loc":{"start":{"line":10,"column":60},"end":{"line":10,"column":77}},"line":10},"3":{"name":"(anonymous_3)","decl":{"start":{"line":13,"column":12},"end":{"line":13,"column":13}},"loc":{"start":{"line":13,"column":18},"end":{"line":15,"column":3}},"line":13},"4":{"name":"(anonymous_4)","decl":{"start":{"line":17,"column":31},"end":{"line":17,"column":32}},"loc":{"start":{"line":17,"column":37},"end":{"line":22,"column":3}},"line":17},"5":{"name":"(anonymous_5)","decl":{"start":{"line":20,"column":38},"end":{"line":20,"column":39}},"loc":{"start":{"line":20,"column":52},"end":{"line":20,"column":75}},"line":20},"6":{"name":"(anonymous_6)","decl":{"start":{"line":28,"column":36},"end":{"line":28,"column":37}},"loc":{"start":{"line":28,"column":50},"end":{"line":28,"column":73}},"line":28}},"branchMap":{"0":{"loc":{"start":{"line":18,"column":4},"end":{"line":18,"column":21}},"type":"if","locations":[{"start":{"line":18,"column":4},"end":{"line":18,"column":21}},{"start":{},"end":{}}],"line":18},"1":{"loc":{"start":{"line":21,"column":13},"end":{"line":21,"column":66}},"type":"cond-expr","locations":[{"start":{"line":21,"column":26},"end":{"line":21,"column":46}},{"start":{"line":21,"column":49},"end":{"line":21,"column":66}}],"line":21},"2":{"loc":{"start":{"line":24,"column":2},"end":{"line":24,"column":76}},"type":"if","locations":[{"start":{"line":24,"column":2},"end":{"line":24,"column":76}},{"start":{},"end":{}}],"line":24},"3":{"loc":{"start":{"line":25,"column":2},"end":{"line":25,"column":60}},"type":"if","locations":[{"start":{"line":25,"column":2},"end":{"line":25,"column":60}},{"start":{},"end":{}}],"line":25},"4":{"loc":{"start":{"line":26,"column":2},"end":{"line":26,"column":68}},"type":"if","locations":[{"start":{"line":26,"column":2},"end":{"line":26,"column":68}},{"start":{},"end":{}}],"line":26},"5":{"loc":{"start":{"line":38,"column":11},"end":{"line":38,"column":68}},"type":"cond-expr","locations":[{"start":{"line":38,"column":24},"end":{"line":38,"column":47}},{"start":{"line":38,"column":50},"end":{"line":38,"column":68}}],"line":38}},"s":{"0":0,"1":0,"2":0,"3":0,"4":0,"5":0,"6":0,"7":0,"8":0,"9":0,"10":0,"11":0,"12":0,"13":0,"14":0,"15":0,"16":0,"17":0,"18":0,"19":0,"20":0,"21":0,"22":0},"f":{"0":0,"1":0,"2":0,"3":0,"4":0,"5":0,"6":0},"b":{"0":[0,0],"1":[0,0],"2":[0,0],"3":[0,0],"4":[0,0],"5":[0,0]},"_coverageSchema":"1a1c01bbd47fc00a2c39e90264f33305004495a9","hash":"70ff924f712e448548d8fbb5bafd133e64a6eaaf"}
,"C:\\Users\\NallamekalaHarshanvi\\Documents\\my-book-app\\src\\pages\\FavoritesPage.jsx": {"path":"C:\\Users\\NallamekalaHarshanvi\\Documents\\my-book-app\\src\\pages\\FavoritesPage.jsx","statementMap":{"0":{"start":{"line":4,"column":2},"end":{"line":11,"column":3}}},"fnMap":{"0":{"name":"FavoritesPage","decl":{"start":{"line":3,"column":9},"end":{"line":3,"column":22}},"loc":{"start":{"line":3,"column":57},"end":{"line":12,"column":1}},"line":3}},"branchMap":{"0":{"loc":{"start":{"line":7,"column":7},"end":{"line":9,"column":39}},"type":"cond-expr","locations":[{"start":{"line":8,"column":10},"end":{"line":8,"column":98}},{"start":{"line":9,"column":10},"end":{"line":9,"column":39}}],"line":7}},"s":{"0":0},"f":{"0":0},"b":{"0":[0,0]},"_coverageSchema":"1a1c01bbd47fc00a2c39e90264f33305004495a9","hash":"cb01b4e825516c4774f004353d68c40558c912d4"}
,"C:\\Users\\NallamekalaHarshanvi\\Documents\\my-book-app\\src\\pages\\HomePage.jsx": {"path":"C:\\Users\\NallamekalaHarshanvi\\Documents\\my-book-app\\src\\pages\\HomePage.jsx","statementMap":{"0":{"start":{"line":4,"column":2},"end":{"line":19,"column":3}}},"fnMap":{"0":{"name":"HomePage","decl":{"start":{"line":3,"column":9},"end":{"line":3,"column":17}},"loc":{"start":{"line":3,"column":77},"end":{"line":20,"column":1}},"line":3}},"branchMap":{"0":{"loc":{"start":{"line":6,"column":7},"end":{"line":10,"column":7}},"type":"binary-expr","locations":[{"start":{"line":6,"column":7},"end":{"line":6,"column":27}},{"start":{"line":7,"column":8},"end":{"line":9,"column":14}}],"line":6},"1":{"loc":{"start":{"line":11,"column":7},"end":{"line":11,"column":73}},"type":"binary-expr","locations":[{"start":{"line":11,"column":7},"end":{"line":11,"column":16}},{"start":{"line":11,"column":20},"end":{"line":11,"column":73}}],"line":11},"2":{"loc":{"start":{"line":12,"column":7},"end":{"line":12,"column":70}},"type":"binary-expr","locations":[{"start":{"line":12,"column":7},"end":{"line":12,"column":17}},{"start":{"line":12,"column":21},"end":{"line":12,"column":26}},{"start":{"line":12,"column":30},"end":{"line":12,"column":70}}],"line":12},"3":{"loc":{"start":{"line":13,"column":7},"end":{"line":17,"column":7}},"type":"binary-expr","locations":[{"start":{"line":13,"column":7},"end":{"line":13,"column":17}},{"start":{"line":13,"column":21},"end":{"line":13,"column":27}},{"start":{"line":14,"column":8},"end":{"line":16,"column":18}}],"line":13}},"s":{"0":29},"f":{"0":29},"b":{"0":[29,0],"1":[29,0],"2":[29,29,1],"3":[29,29,28]},"_coverageSchema":"1a1c01bbd47fc00a2c39e90264f33305004495a9","hash":"a630c9d96587a3d4001c39abc165048def09301e"}
,"C:\\Users\\NallamekalaHarshanvi\\Documents\\my-book-app\\src\\store\\bookDetailsSlice.js": {"path":"C:\\Users\\NallamekalaHarshanvi\\Documents\\my-book-app\\src\\store\\bookDetailsSlice.js","statementMap":{"0":{"start":{"line":3,"column":20},"end":{"line":9,"column":1}},"1":{"start":{"line":11,"column":32},"end":{"line":36,"column":1}},"2":{"start":{"line":14,"column":4},"end":{"line":34,"column":5}},"3":{"start":{"line":15,"column":23},"end":{"line":15,"column":98}},"4":{"start":{"line":17,"column":6},"end":{"line":19,"column":7}},"5":{"start":{"line":18,"column":8},"end":{"line":18,"column":49}},"6":{"start":{"line":21,"column":19},"end":{"line":21,"column":40}},"7":{"start":{"line":22,"column":6},"end":{"line":27,"column":7}},"8":{"start":{"line":29,"column":6},"end":{"line":31,"column":7}},"9":{"start":{"line":30,"column":8},"end":{"line":30,"column":19}},"10":{"start":{"line":33,"column":6},"end":{"line":33,"column":77}},"11":{"start":{"line":38,"column":25},"end":{"line":65,"column":2}},"12":{"start":{"line":47,"column":4},"end":{"line":63,"column":8}},"13":{"start":{"line":49,"column":8},"end":{"line":49,"column":25}},"14":{"start":{"line":50,"column":8},"end":{"line":50,"column":30}},"15":{"start":{"line":51,"column":8},"end":{"line":51,"column":24}},"16":{"start":{"line":54,"column":8},"end":{"line":54,"column":35}},"17":{"start":{"line":55,"column":8},"end":{"line":55,"column":31}},"18":{"start":{"line":58,"column":8},"end":{"line":58,"column":31}},"19":{"start":{"line":59,"column":8},"end":{"line":62,"column":9}},"20":{"start":{"line":60,"column":10},"end":{"line":60,"column":27}},"21":{"start":{"line":61,"column":10},"end":{"line":61,"column":89}}},"fnMap":{"0":{"name":"(anonymous_0)","decl":{"start":{"line":13,"column":2},"end":{"line":13,"column":3}},"loc":{"start":{"line":13,"column":45},"end":{"line":35,"column":3}},"line":13},"1":{"name":"(anonymous_1)","decl":{"start":{"line":46,"column":17},"end":{"line":46,"column":18}},"loc":{"start":{"line":46,"column":30},"end":{"line":64,"column":3}},"line":46},"2":{"name":"(anonymous_2)","decl":{"start":{"line":48,"column":41},"end":{"line":48,"column":42}},"loc":{"start":{"line":48,"column":52},"end":{"line":52,"column":7}},"line":48},"3":{"name":"(anonymous_3)","decl":{"start":{"line":53,"column":43},"end":{"line":53,"column":44}},"loc":{"start":{"line":53,"column":62},"end":{"line":56,"column":7}},"line":53},"4":{"name":"(anonymous_4)","decl":{"start":{"line":57,"column":42},"end":{"line":57,"column":43}},"loc":{"start":{"line":57,"column":61},"end":{"line":63,"column":7}},"line":57}},"branchMap":{"0":{"loc":{"start":{"line":17,"column":6},"end":{"line":19,"column":7}},"type":"if","locations":[{"start":{"line":17,"column":6},"end":{"line":19,"column":7}},{"start":{},"end":{}}],"line":17},"1":{"loc":{"start":{"line":25,"column":16},"end":{"line":25,"column":54}},"type":"binary-expr","locations":[{"start":{"line":25,"column":16},"end":{"line":25,"column":34}},{"start":{"line":25,"column":38},"end":{"line":25,"column":54}}],"line":25},"2":{"loc":{"start":{"line":29,"column":6},"end":{"line":31,"column":7}},"type":"if","locations":[{"start":{"line":29,"column":6},"end":{"line":31,"column":7}},{"start":{},"end":{}}],"line":29},"3":{"loc":{"start":{"line":59,"column":8},"end":{"line":62,"column":9}},"type":"if","locations":[{"start":{"line":59,"column":8},"end":{"line":62,"column":9}},{"start":{},"end":{}}],"line":59},"4":{"loc":{"start":{"line":61,"column":24},"end":{"line":61,"column":89}},"type":"binary-expr","locations":[{"start":{"line":61,"column":24},"end":{"line":61,"column":38}},{"start":{"line":61,"column":42},"end":{"line":61,"column":89}}],"line":61}},"s":{"0":1,"1":1,"2":0,"3":0,"4":0,"5":0,"6":0,"7":0,"8":0,"9":0,"10":0,"11":1,"12":1,"13":0,"14":0,"15":0,"16":0,"17":0,"18":0,"19":0,"20":0,"21":0},"f":{"0":0,"1":1,"2":0,"3":0,"4":0},"b":{"0":[0,0],"1":[0,0],"2":[0,0],"3":[0,0],"4":[0,0]},"_coverageSchema":"1a1c01bbd47fc00a2c39e90264f33305004495a9","hash":"c2da0665dd346038fb7e8a96f6e45891883e0976"}
,"C:\\Users\\NallamekalaHarshanvi\\Documents\\my-book-app\\src\\store\\favoritesSlice.js": {"path":"C:\\Users\\NallamekalaHarshanvi\\Documents\\my-book-app\\src\\store\\favoritesSlice.js","statementMap":{"0":{"start":{"line":3,"column":21},"end":{"line":3,"column":23}},"1":{"start":{"line":5,"column":23},"end":{"line":25,"column":2}},"2":{"start":{"line":10,"column":32},"end":{"line":10,"column":83}},"3":{"start":{"line":10,"column":53},"end":{"line":10,"column":82}},"4":{"start":{"line":11,"column":6},"end":{"line":13,"column":7}},"5":{"start":{"line":12,"column":8},"end":{"line":12,"column":34}},"6":{"start":{"line":16,"column":28},"end":{"line":16,"column":84}},"7":{"start":{"line":16,"column":54},"end":{"line":16,"column":83}},"8":{"start":{"line":17,"column":6},"end":{"line":19,"column":7}},"9":{"start":{"line":18,"column":8},"end":{"line":18,"column":38}},"10":{"start":{"line":22,"column":6},"end":{"line":22,"column":35}},"11":{"start":{"line":27,"column":63},"end":{"line":27,"column":85}}},"fnMap":{"0":{"name":"(anonymous_0)","decl":{"start":{"line":9,"column":17},"end":{"line":9,"column":18}},"loc":{"start":{"line":9,"column":36},"end":{"line":14,"column":5}},"line":9},"1":{"name":"(anonymous_1)","decl":{"start":{"line":10,"column":43},"end":{"line":10,"column":44}},"loc":{"start":{"line":10,"column":53},"end":{"line":10,"column":82}},"line":10},"2":{"name":"(anonymous_2)","decl":{"start":{"line":15,"column":20},"end":{"line":15,"column":21}},"loc":{"start":{"line":15,"column":39},"end":{"line":20,"column":5}},"line":15},"3":{"name":"(anonymous_3)","decl":{"start":{"line":16,"column":44},"end":{"line":16,"column":45}},"loc":{"start":{"line":16,"column":54},"end":{"line":16,"column":83}},"line":16},"4":{"name":"(anonymous_4)","decl":{"start":{"line":21,"column":20},"end":{"line":21,"column":21}},"loc":{"start":{"line":21,"column":31},"end":{"line":23,"column":5}},"line":21}},"branchMap":{"0":{"loc":{"start":{"line":11,"column":6},"end":{"line":13,"column":7}},"type":"if","locations":[{"start":{"line":11,"column":6},"end":{"line":13,"column":7}},{"start":{},"end":{}}],"line":11},"1":{"loc":{"start":{"line":17,"column":6},"end":{"line":19,"column":7}},"type":"if","locations":[{"start":{"line":17,"column":6},"end":{"line":19,"column":7}},{"start":{},"end":{}}],"line":17}},"s":{"0":2,"1":2,"2":1,"3":1,"4":1,"5":1,"6":1,"7":1,"8":1,"9":1,"10":1,"11":2},"f":{"0":1,"1":1,"2":1,"3":1,"4":1},"b":{"0":[1,0],"1":[1,0]},"_coverageSchema":"1a1c01bbd47fc00a2c39e90264f33305004495a9","hash":"afb2bbb894d49e5f0ce4551a58688c33d79bfc18"}
,"C:\\Users\\NallamekalaHarshanvi\\Documents\\my-book-app\\src\\store\\store.js": {"path":"C:\\Users\\NallamekalaHarshanvi\\Documents\\my-book-app\\src\\store\\store.js","statementMap":{"0":{"start":{"line":5,"column":21},"end":{"line":10,"column":2}}},"fnMap":{},"branchMap":{},"s":{"0":1},"f":{},"b":{},"_coverageSchema":"1a1c01bbd47fc00a2c39e90264f33305004495a9","hash":"64bab14a01b6e66dede2a100f90eeba4823c767b"}
,"C:\\Users\\NallamekalaHarshanvi\\Documents\\my-book-app\\src\\test\\styleMock.cjs": {"path":"C:\\Users\\NallamekalaHarshanvi\\Documents\\my-book-app\\src\\test\\styleMock.cjs","statementMap":{"0":{"start":{"line":1,"column":0},"end":{"line":1,"column":19}}},"fnMap":{},"branchMap":{},"s":{"0":2},"f":{},"b":{},"inputSourceMap":null,"_coverageSchema":"1a1c01bbd47fc00a2c39e90264f33305004495a9","hash":"9a825a3517eec60f7348ab1ef9e74fec9111a5f4"}
}
