TN:
SF:src\App.jsx
FN:12,Header
FN:37,AppContent
FN:39,(anonymous_2)
FN:40,(anonymous_3)
FN:45,(anonymous_4)
FN:49,(anonymous_5)
FN:56,(anonymous_6)
FN:57,(anonymous_7)
FN:83,App
FNF:9
FNH:6
FNDA:29,Header
FNDA:29,AppContent
FNDA:31,(anonymous_2)
FNDA:2,(anonymous_3)
FNDA:2,(anonymous_4)
FNDA:0,(anonymous_5)
FNDA:0,(anonymous_6)
FNDA:0,(anonymous_7)
FNDA:2,App
DA:13,29
DA:38,29
DA:39,31
DA:40,29
DA:41,29
DA:42,29
DA:43,29
DA:45,29
DA:46,2
DA:49,29
DA:50,0
DA:51,0
DA:52,0
DA:56,29
DA:57,0
DA:59,0
DA:62,29
DA:84,2
LF:18
LH:13
BRDA:51,0,0,0
BRDA:51,0,1,0
BRDA:59,1,0,0
BRDA:59,1,1,0
BRF:4
BRH:0
end_of_record
TN:
SF:src\components\BookCard.jsx
FN:5,BookCard
FN:6,(anonymous_1)
FNF:2
FNH:2
FNDA:15,BookCard
FNDA:1,(anonymous_1)
DA:5,2
DA:6,15
DA:7,1
DA:10,15
LF:4
LH:4
BRDA:5,0,0,2
BRDA:21,1,0,0
BRDA:21,1,1,15
BRDA:25,2,0,0
BRDA:25,2,1,15
BRF:5
BRH:3
end_of_record
TN:
SF:src\components\BookList.jsx
FN:4,(anonymous_0)
FN:4,(anonymous_1)
FN:7,(anonymous_2)
FN:8,(anonymous_3)
FNF:4
FNH:2
FNDA:28,(anonymous_0)
FNDA:0,(anonymous_1)
FNDA:163,(anonymous_2)
FNDA:0,(anonymous_3)
DA:4,1
DA:5,28
DA:8,163
DA:10,163
LF:4
LH:4
BRDA:4,0,0,0
BRDA:4,1,0,0
BRDA:4,2,0,0
BRF:3
BRH:0
end_of_record
TN:
SF:src\components\SearchBar.jsx
FN:1,SearchBar
FN:9,(anonymous_1)
FNF:2
FNH:2
FNDA:44,SearchBar
FNDA:38,(anonymous_1)
DA:2,44
DA:9,38
LF:2
LH:2
BRDA:14,0,0,0
BRDA:14,0,1,44
BRF:2
BRH:1
end_of_record
TN:
SF:src\hooks\useBookSearch.js
FN:42,useBookSearch
FN:47,(anonymous_1)
FN:50,(anonymous_2)
FN:66,(anonymous_3)
FN:75,(anonymous_4)
FN:79,(anonymous_5)
FN:103,(anonymous_6)
FN:111,(anonymous_7)
FNF:8
FNH:8
FNDA:35,useBookSearch
FNDA:29,(anonymous_1)
FNDA:4,(anonymous_2)
FNDA:2,(anonymous_3)
FNDA:14,(anonymous_4)
FNDA:14,(anonymous_5)
FNDA:4,(anonymous_6)
FNDA:29,(anonymous_7)
DA:3,2
DA:43,35
DA:44,35
DA:45,35
DA:47,35
DA:48,29
DA:50,29
DA:51,4
DA:52,4
DA:53,4
DA:55,4
DA:59,2
DA:60,0
DA:63,2
DA:64,2
DA:66,2
DA:73,2
DA:74,2
DA:75,14
DA:78,2
DA:80,14
DA:87,2
DA:88,2
DA:91,2
DA:92,2
DA:93,2
DA:94,2
DA:97,4
DA:98,4
DA:103,29
DA:104,4
DA:105,4
DA:106,0
DA:107,0
DA:111,29
DA:112,29
DA:113,29
DA:117,35
LF:38
LH:35
BRDA:59,0,0,0
BRDA:59,0,1,2
BRDA:67,1,0,2
BRDA:67,1,1,0
BRDA:68,2,0,2
BRDA:68,2,1,0
BRDA:68,2,2,0
BRDA:69,3,0,2
BRDA:69,3,1,0
BRDA:69,3,2,0
BRDA:70,4,0,2
BRDA:70,4,1,0
BRDA:78,5,0,2
BRDA:78,5,1,0
BRDA:81,6,0,14
BRDA:81,6,1,12
BRDA:87,7,0,2
BRDA:87,7,1,0
BRDA:91,8,0,2
BRDA:91,8,1,0
BRDA:91,9,0,2
BRDA:91,9,1,2
BRDA:97,10,0,4
BRDA:97,10,1,0
BRDA:104,11,0,4
BRDA:104,11,1,0
BRDA:106,12,0,0
BRDA:106,12,1,0
BRF:28
BRH:14
end_of_record
TN:
SF:src\pages\BookDetail.jsx
FN:7,BookDetail
FN:9,(anonymous_1)
FN:10,(anonymous_2)
FN:13,(anonymous_3)
FN:17,(anonymous_4)
FN:20,(anonymous_5)
FN:28,(anonymous_6)
FNF:7
FNH:0
FNDA:0,BookDetail
FNDA:0,(anonymous_1)
FNDA:0,(anonymous_2)
FNDA:0,(anonymous_3)
FNDA:0,(anonymous_4)
FNDA:0,(anonymous_5)
FNDA:0,(anonymous_6)
DA:8,0
DA:9,0
DA:10,0
DA:11,0
DA:13,0
DA:14,0
DA:17,0
DA:18,0
DA:20,0
DA:21,0
DA:24,0
DA:25,0
DA:26,0
DA:28,0
DA:30,0
LF:15
LH:0
BRDA:18,0,0,0
BRDA:18,0,1,0
BRDA:21,1,0,0
BRDA:21,1,1,0
BRDA:24,2,0,0
BRDA:24,2,1,0
BRDA:25,3,0,0
BRDA:25,3,1,0
BRDA:26,4,0,0
BRDA:26,4,1,0
BRDA:38,5,0,0
BRDA:38,5,1,0
BRF:12
BRH:0
end_of_record
TN:
SF:src\pages\FavoritesPage.jsx
FN:3,FavoritesPage
FNF:1
FNH:0
FNDA:0,FavoritesPage
DA:4,0
LF:1
LH:0
BRDA:7,0,0,0
BRDA:7,0,1,0
BRF:2
BRH:0
end_of_record
TN:
SF:src\pages\HomePage.jsx
FN:3,HomePage
FNF:1
FNH:1
FNDA:29,HomePage
DA:4,29
LF:1
LH:1
BRDA:6,0,0,29
BRDA:6,0,1,0
BRDA:11,1,0,29
BRDA:11,1,1,0
BRDA:12,2,0,29
BRDA:12,2,1,29
BRDA:12,2,2,1
BRDA:13,3,0,29
BRDA:13,3,1,29
BRDA:13,3,2,28
BRF:10
BRH:8
end_of_record
TN:
SF:src\store\bookDetailsSlice.js
FN:13,(anonymous_0)
FN:46,(anonymous_1)
FN:48,(anonymous_2)
FN:53,(anonymous_3)
FN:57,(anonymous_4)
FNF:5
FNH:1
FNDA:0,(anonymous_0)
FNDA:1,(anonymous_1)
FNDA:0,(anonymous_2)
FNDA:0,(anonymous_3)
FNDA:0,(anonymous_4)
DA:3,1
DA:11,1
DA:14,0
DA:15,0
DA:17,0
DA:18,0
DA:21,0
DA:22,0
DA:29,0
DA:30,0
DA:33,0
DA:38,1
DA:47,1
DA:49,0
DA:50,0
DA:51,0
DA:54,0
DA:55,0
DA:58,0
DA:59,0
DA:60,0
DA:61,0
LF:22
LH:4
BRDA:17,0,0,0
BRDA:17,0,1,0
BRDA:25,1,0,0
BRDA:25,1,1,0
BRDA:29,2,0,0
BRDA:29,2,1,0
BRDA:59,3,0,0
BRDA:59,3,1,0
BRDA:61,4,0,0
BRDA:61,4,1,0
BRF:10
BRH:0
end_of_record
TN:
SF:src\store\favoritesSlice.js
FN:9,(anonymous_0)
FN:10,(anonymous_1)
FN:15,(anonymous_2)
FN:16,(anonymous_3)
FN:21,(anonymous_4)
FNF:5
FNH:5
FNDA:1,(anonymous_0)
FNDA:1,(anonymous_1)
FNDA:1,(anonymous_2)
FNDA:1,(anonymous_3)
FNDA:1,(anonymous_4)
DA:3,2
DA:5,2
DA:10,1
DA:11,1
DA:12,1
DA:16,1
DA:17,1
DA:18,1
DA:22,1
DA:27,2
LF:10
LH:10
BRDA:11,0,0,1
BRDA:11,0,1,0
BRDA:17,1,0,1
BRDA:17,1,1,0
BRF:4
BRH:2
end_of_record
TN:
SF:src\store\store.js
FNF:0
FNH:0
DA:5,1
LF:1
LH:1
BRF:0
BRH:0
end_of_record
TN:
SF:src\test\styleMock.cjs
FNF:0
FNH:0
DA:1,2
LF:1
LH:1
BRF:0
BRH:0
end_of_record
